TN:
SF:src\services\slices\ConstructorSlice.ts
FN:20,correctIndexes
FN:30,addIngredient
FN:40,moveIngredient
FN:60,removeIngredient
FN:73,clearConstructor
FN:79,constructorOrderSelector
FN:80,ingredientsIDSelector
FNF:7
FNH:5
FNDA:2,correctIndexes
FNDA:2,addIngredient
FNDA:1,moveIngredient
FNDA:1,removeIngredient
FNDA:1,clearConstructor
FNDA:0,constructorOrderSelector
FNDA:0,ingredientsIDSelector
DA:1,1
DA:2,1
DA:3,1
DA:4,1
DA:5,1
DA:6,1
DA:7,1
DA:8,1
DA:9,1
DA:10,1
DA:11,1
DA:12,1
DA:13,1
DA:14,1
DA:15,1
DA:16,1
DA:17,1
DA:18,1
DA:19,1
DA:20,1
DA:21,2
DA:22,3
DA:23,2
DA:24,2
DA:25,1
DA:26,1
DA:27,1
DA:28,1
DA:29,1
DA:30,1
DA:31,2
DA:32,1
DA:33,1
DA:34,1
DA:35,1
DA:36,1
DA:37,1
DA:38,1
DA:39,1
DA:40,1
DA:41,1
DA:42,1
DA:43,1
DA:44,1
DA:45,1
DA:46,1
DA:47,1
DA:48,0
DA:49,0
DA:50,1
DA:51,1
DA:52,1
DA:53,1
DA:54,1
DA:55,1
DA:56,1
DA:57,1
DA:58,1
DA:59,1
DA:60,1
DA:61,1
DA:62,1
DA:63,2
DA:64,1
DA:65,1
DA:66,2
DA:67,1
DA:68,1
DA:69,1
DA:70,1
DA:71,1
DA:72,1
DA:73,1
DA:74,1
DA:75,1
DA:76,1
DA:77,1
DA:78,1
DA:79,1
DA:80,1
DA:81,0
DA:82,0
DA:83,0
DA:84,0
DA:85,0
DA:86,0
DA:87,0
DA:88,0
DA:89,0
DA:90,0
DA:91,1
DA:92,1
DA:93,1
DA:94,1
DA:95,1
DA:96,1
DA:97,1
DA:98,1
DA:99,1
DA:100,1
DA:101,1
DA:102,1
LF:102
LH:90
BRDA:20,0,0,2
BRDA:21,1,0,3
BRDA:30,2,0,2
BRDA:31,3,0,1
BRDA:40,4,0,1
BRDA:47,5,0,0
BRDA:60,6,0,1
BRDA:62,7,0,2
BRDA:63,8,0,1
BRDA:73,9,0,1
BRF:10
BRH:9
end_of_record
TN:
SF:src\services\slices\IngredientsSlice.ts
FN:32,ingredientsSelector
FN:33,bunsSelector
FN:34,saucesSelector
FN:35,mainsSelector
FN:36,isGettingIngredientsSelector
FN:38,extraReducers
FNF:6
FNH:1
FNDA:0,ingredientsSelector
FNDA:0,bunsSelector
FNDA:0,saucesSelector
FNDA:0,mainsSelector
FNDA:0,isGettingIngredientsSelector
FNDA:2,extraReducers
DA:1,1
DA:2,1
DA:3,1
DA:4,1
DA:5,1
DA:6,1
DA:7,1
DA:8,1
DA:9,1
DA:10,1
DA:11,1
DA:12,1
DA:13,1
DA:14,1
DA:15,1
DA:16,1
DA:17,1
DA:18,1
DA:19,1
DA:20,1
DA:21,1
DA:22,1
DA:23,1
DA:24,3
DA:25,1
DA:26,1
DA:27,1
DA:28,1
DA:29,1
DA:30,1
DA:31,1
DA:32,1
DA:33,1
DA:34,1
DA:35,1
DA:36,1
DA:37,1
DA:38,1
DA:39,2
DA:40,2
DA:41,3
DA:42,2
DA:43,2
DA:44,2
DA:45,2
DA:46,6
DA:47,2
DA:48,2
DA:49,2
DA:50,2
DA:51,1
DA:52,1
DA:53,2
DA:54,2
DA:55,1
DA:56,1
DA:57,1
DA:58,1
DA:59,1
DA:60,1
DA:61,1
DA:62,1
DA:63,1
DA:64,1
LF:64
LH:64
BRDA:23,0,0,3
BRDA:23,1,0,3
BRDA:23,2,0,3
BRDA:38,3,0,2
BRDA:40,4,0,3
BRDA:43,5,0,2
BRDA:45,6,0,6
BRDA:50,7,0,1
BRF:8
BRH:8
end_of_record
TN:
SF:src\services\slices\ModalDataSlice.ts
FN:27,removeModalData
FN:31,setIngredientModalData
FN:34,setOrderModalData
FN:39,orderModalDataSelector
FN:40,ingredientModalDataSelector
FN:42,extraReducers
FNF:6
FNH:4
FNDA:1,removeModalData
FNDA:1,setIngredientModalData
FNDA:1,setOrderModalData
FNDA:0,orderModalDataSelector
FNDA:0,ingredientModalDataSelector
FNDA:2,extraReducers
DA:1,1
DA:2,1
DA:3,1
DA:4,1
DA:5,1
DA:6,1
DA:7,1
DA:8,1
DA:9,1
DA:10,1
DA:11,1
DA:12,1
DA:13,1
DA:14,1
DA:15,1
DA:16,1
DA:17,1
DA:18,1
DA:19,1
DA:20,1
DA:21,1
DA:22,1
DA:23,1
DA:24,1
DA:25,1
DA:26,1
DA:27,1
DA:28,1
DA:29,1
DA:30,1
DA:31,1
DA:32,1
DA:33,1
DA:34,1
DA:35,1
DA:36,1
DA:37,1
DA:38,1
DA:39,1
DA:40,1
DA:41,1
DA:42,1
DA:43,2
DA:44,2
DA:45,3
DA:46,2
DA:47,2
DA:48,2
DA:49,2
DA:50,2
DA:51,2
DA:52,1
DA:53,1
DA:54,2
DA:55,2
DA:56,1
DA:57,1
DA:58,1
DA:59,1
DA:60,1
DA:61,1
DA:62,1
LF:62
LH:62
BRDA:20,0,0,3
BRDA:20,1,0,3
BRDA:20,2,0,3
BRDA:27,3,0,1
BRDA:31,4,0,1
BRDA:34,5,0,1
BRDA:42,6,0,2
BRDA:44,7,0,3
BRDA:47,8,0,2
BRDA:51,9,0,1
BRF:10
BRH:10
end_of_record
TN:
SF:src\services\slices\OrdersSlice.ts
FN:28,ordersSelector
FN:29,totalTodaySelector
FN:30,totalSelector
FN:31,isGettingOrdersSelector
FN:33,extraReducers
FNF:5
FNH:1
FNDA:0,ordersSelector
FNDA:0,totalTodaySelector
FNDA:0,totalSelector
FNDA:0,isGettingOrdersSelector
FNDA:2,extraReducers
DA:1,1
DA:2,1
DA:3,1
DA:4,1
DA:5,1
DA:6,1
DA:7,1
DA:8,1
DA:9,1
DA:10,1
DA:11,1
DA:12,1
DA:13,1
DA:14,1
DA:15,1
DA:16,1
DA:17,1
DA:18,1
DA:19,1
DA:20,3
DA:21,1
DA:22,1
DA:23,1
DA:24,1
DA:25,1
DA:26,1
DA:27,1
DA:28,1
DA:29,1
DA:30,1
DA:31,1
DA:32,1
DA:33,1
DA:34,2
DA:35,2
DA:36,3
DA:37,2
DA:38,2
DA:39,2
DA:40,2
DA:41,2
DA:42,2
DA:43,2
DA:44,2
DA:45,1
DA:46,1
DA:47,2
DA:48,2
DA:49,1
DA:50,1
DA:51,1
DA:52,1
DA:53,1
DA:54,1
DA:55,1
DA:56,1
DA:57,1
LF:57
LH:57
BRDA:19,0,0,3
BRDA:19,1,0,3
BRDA:19,2,0,3
BRDA:33,3,0,2
BRDA:35,4,0,3
BRDA:38,5,0,2
BRDA:44,6,0,1
BRF:7
BRH:7
end_of_record
TN:
SF:src\services\slices\TestingData.ts
FNF:0
FNH:0
DA:1,1
DA:2,1
DA:3,1
DA:4,1
DA:5,1
DA:6,1
DA:7,1
DA:8,1
DA:9,1
DA:10,1
DA:11,1
DA:12,1
DA:13,1
DA:14,1
DA:15,1
DA:16,1
DA:17,1
DA:18,1
DA:19,1
DA:20,1
DA:21,1
DA:22,1
DA:23,1
DA:24,1
DA:25,1
DA:26,1
DA:27,1
DA:28,1
DA:29,1
DA:30,1
DA:31,1
DA:32,1
DA:33,1
DA:34,1
DA:35,1
DA:36,1
DA:37,1
DA:38,1
DA:39,1
DA:40,1
DA:41,1
DA:42,1
DA:43,1
DA:44,1
DA:45,1
DA:46,1
DA:47,1
DA:48,1
DA:49,1
DA:50,1
DA:51,1
DA:52,1
DA:53,1
DA:54,1
DA:55,1
DA:56,1
DA:57,1
DA:58,1
DA:59,1
DA:60,1
DA:61,1
DA:62,1
DA:63,1
DA:64,1
DA:65,1
DA:66,1
DA:67,1
DA:68,1
DA:69,1
DA:70,1
DA:71,1
DA:72,1
DA:73,1
DA:74,1
DA:75,1
DA:76,1
DA:77,1
DA:78,1
DA:79,1
DA:80,1
DA:81,1
DA:82,1
DA:83,1
DA:84,1
DA:85,1
DA:86,1
DA:87,1
DA:88,1
DA:89,1
DA:90,1
DA:91,1
DA:92,1
DA:93,1
DA:94,1
DA:95,1
DA:96,1
DA:97,1
DA:98,1
DA:99,1
DA:100,1
DA:101,1
DA:102,1
DA:103,1
DA:104,1
DA:105,1
DA:106,1
DA:107,1
DA:108,1
DA:109,1
DA:110,1
DA:111,1
DA:112,1
DA:113,1
DA:114,1
DA:115,1
DA:116,1
DA:117,1
LF:117
LH:117
BRF:0
BRH:0
end_of_record
TN:
SF:src\services\slices\UserSlice.ts
FN:34,processUserPendingThunk
FN:41,processOrderPendingThunk
FN:48,processUserRejectedThunk
FN:56,processOrderRejectedThunk
FN:104,setOrderRequest
FN:107,clearCurrentOrder
FN:112,getUserName
FN:113,getUserEmail
FN:114,getUserData
FN:115,isGettingUserSelector
FN:116,isGettingOrdersSelector
FN:117,userOrdersSelector
FN:118,isOrderRequestPendingSelector
FN:119,currentOrderSelector
FN:121,extraReducers
FNF:15
FNH:7
FNDA:15,processUserPendingThunk
FNDA:3,processOrderPendingThunk
FNDA:5,processUserRejectedThunk
FNDA:1,processOrderRejectedThunk
FNDA:1,setOrderRequest
FNDA:1,clearCurrentOrder
FNDA:0,getUserName
FNDA:0,getUserEmail
FNDA:0,getUserData
FNDA:0,isGettingUserSelector
FNDA:0,isGettingOrdersSelector
FNDA:0,userOrdersSelector
FNDA:0,isOrderRequestPendingSelector
FNDA:0,currentOrderSelector
FNDA:2,extraReducers
DA:1,1
DA:2,1
DA:3,1
DA:4,1
DA:5,1
DA:6,1
DA:7,1
DA:8,1
DA:9,1
DA:10,1
DA:11,1
DA:12,1
DA:13,1
DA:14,1
DA:15,1
DA:16,1
DA:17,1
DA:18,1
DA:19,1
DA:20,1
DA:21,1
DA:22,1
DA:23,1
DA:24,1
DA:25,1
DA:26,1
DA:27,1
DA:28,1
DA:29,1
DA:30,1
DA:31,1
DA:32,1
DA:33,1
DA:34,1
DA:35,15
DA:36,15
DA:37,1
DA:38,1
DA:39,1
DA:40,1
DA:41,1
DA:42,3
DA:43,3
DA:44,1
DA:45,1
DA:46,1
DA:47,1
DA:48,1
DA:49,5
DA:50,5
DA:51,5
DA:52,1
DA:53,1
DA:54,1
DA:55,1
DA:56,1
DA:57,1
DA:58,1
DA:59,1
DA:60,1
DA:61,1
DA:62,1
DA:63,1
DA:64,1
DA:65,1
DA:66,1
DA:67,1
DA:68,1
DA:69,1
DA:70,1
DA:71,3
DA:72,1
DA:73,1
DA:74,1
DA:75,3
DA:76,1
DA:77,1
DA:78,1
DA:79,1
DA:80,1
DA:81,1
DA:82,1
DA:83,1
DA:84,1
DA:85,1
DA:86,1
DA:87,1
DA:88,1
DA:89,1
DA:90,1
DA:91,1
DA:92,1
DA:93,1
DA:94,1
DA:95,1
DA:96,1
DA:97,1
DA:98,1
DA:99,1
DA:100,1
DA:101,1
DA:102,1
DA:103,1
DA:104,1
DA:105,1
DA:106,1
DA:107,1
DA:108,1
DA:109,1
DA:110,1
DA:111,1
DA:112,1
DA:113,1
DA:114,1
DA:115,1
DA:116,1
DA:117,1
DA:118,1
DA:119,1
DA:120,1
DA:121,1
DA:122,2
DA:123,2
DA:124,2
DA:125,2
DA:126,2
DA:127,2
DA:128,2
DA:129,2
DA:130,2
DA:131,2
DA:132,2
DA:133,2
DA:134,2
DA:135,2
DA:136,2
DA:137,2
DA:138,2
DA:139,2
DA:140,2
DA:141,2
DA:142,2
DA:143,2
DA:144,2
DA:145,2
DA:146,2
DA:147,2
DA:148,2
DA:149,2
DA:150,2
DA:151,2
DA:152,2
DA:153,2
DA:154,2
DA:155,2
DA:156,3
DA:157,2
DA:158,2
DA:159,2
DA:160,2
DA:161,2
DA:162,2
DA:163,1
DA:164,1
DA:165,2
DA:166,2
DA:167,2
DA:168,2
DA:169,2
DA:170,2
DA:171,2
DA:172,2
DA:173,2
DA:174,2
DA:175,2
DA:176,2
DA:177,2
DA:178,2
DA:179,2
DA:180,2
DA:181,2
DA:182,2
DA:183,1
DA:184,1
DA:185,1
DA:186,1
DA:187,1
DA:188,1
DA:189,1
DA:190,1
DA:191,1
DA:192,1
DA:193,1
DA:194,1
DA:195,1
DA:196,1
LF:196
LH:196
BRDA:34,0,0,15
BRDA:41,1,0,3
BRDA:48,2,0,5
BRDA:56,3,0,1
BRDA:70,4,0,3
BRDA:70,5,0,3
BRDA:70,6,0,3
BRDA:74,7,0,3
BRDA:74,8,0,3
BRDA:74,9,0,3
BRDA:80,10,0,3
BRDA:80,11,0,3
BRDA:80,12,0,3
BRDA:85,13,0,3
BRDA:85,14,0,3
BRDA:85,15,0,3
BRDA:90,16,0,3
BRDA:90,17,0,3
BRDA:90,18,0,3
BRDA:95,19,0,3
BRDA:95,20,0,3
BRDA:95,21,0,3
BRDA:98,22,0,3
BRDA:98,23,0,3
BRDA:98,24,0,3
BRDA:104,25,0,1
BRDA:107,26,0,1
BRDA:121,27,0,2
BRDA:123,28,0,2
BRDA:128,29,0,2
BRDA:135,30,0,2
BRDA:140,31,0,2
BRDA:148,32,0,2
BRDA:155,33,0,3
BRDA:158,34,0,2
BRDA:162,35,0,1
BRDA:166,36,0,2
BRF:37
BRH:37
end_of_record
TN:
SF:src\services\store\store.ts
FN:32,useDispatch
FN:35,searchIngredientModalData
FNF:2
FNH:0
FNDA:0,useDispatch
FNDA:0,searchIngredientModalData
DA:1,1
DA:2,1
DA:3,1
DA:4,1
DA:5,1
DA:6,1
DA:7,1
DA:8,1
DA:9,1
DA:10,1
DA:11,1
DA:12,1
DA:13,1
DA:14,1
DA:15,1
DA:16,1
DA:17,1
DA:18,1
DA:19,1
DA:20,1
DA:21,1
DA:22,1
DA:23,1
DA:24,1
DA:25,1
DA:26,1
DA:27,1
DA:28,1
DA:29,1
DA:30,1
DA:31,1
DA:32,1
DA:33,1
DA:34,1
DA:35,1
DA:36,1
DA:37,1
DA:38,1
DA:39,1
DA:40,1
DA:41,1
LF:41
LH:41
BRF:0
BRH:0
end_of_record
TN:
SF:src\utils\burger-api.ts
FN:6,checkResponse
FN:18,refreshToken
FN:38,fetchWithRefresh
FN:74,getIngredientsApi
FN:82,getFeedsApi
FN:90,getOrdersApi
FN:107,orderBurgerApi
FN:126,getOrderByNumberApi
FN:146,registerUserApi
FN:165,loginUserApi
FN:179,forgotPasswordApi
FN:193,resetPasswordApi
FN:209,getUserApi
FN:216,updateUserApi
FN:226,logoutApi
FNF:15
FNH:12
FNDA:30,checkResponse
FNDA:0,refreshToken
FNDA:12,fetchWithRefresh
FNDA:3,getIngredientsApi
FNDA:3,getFeedsApi
FNDA:3,getOrdersApi
FNDA:3,orderBurgerApi
FNDA:3,getOrderByNumberApi
FNDA:3,registerUserApi
FNDA:3,loginUserApi
FNDA:0,forgotPasswordApi
FNDA:0,resetPasswordApi
FNDA:3,getUserApi
FNDA:3,updateUserApi
FNDA:3,logoutApi
DA:1,1
DA:2,1
DA:3,1
DA:4,1
DA:5,1
DA:6,1
DA:7,30
DA:8,1
DA:9,1
DA:10,1
DA:11,1
DA:12,1
DA:13,1
DA:14,1
DA:15,1
DA:16,1
DA:17,1
DA:18,1
DA:19,0
DA:20,0
DA:21,0
DA:22,0
DA:23,0
DA:24,0
DA:25,0
DA:26,0
DA:27,0
DA:28,0
DA:29,0
DA:30,0
DA:31,0
DA:32,0
DA:33,0
DA:34,0
DA:35,0
DA:36,0
DA:37,1
DA:38,1
DA:39,12
DA:40,12
DA:41,12
DA:42,12
DA:43,12
DA:44,12
DA:45,12
DA:46,12
DA:47,0
DA:48,12
DA:49,12
DA:50,12
DA:51,12
DA:52,12
DA:53,12
DA:54,12
DA:55,12
DA:56,12
DA:57,12
DA:58,12
DA:59,1
DA:60,1
DA:61,1
DA:62,1
DA:63,1
DA:64,1
DA:65,1
DA:66,1
DA:67,1
DA:68,1
DA:69,1
DA:70,1
DA:71,1
DA:72,1
DA:73,1
DA:74,1
DA:75,3
DA:76,3
DA:77,3
DA:78,2
DA:79,0
DA:80,3
DA:81,1
DA:82,1
DA:83,3
DA:84,3
DA:85,3
DA:86,2
DA:87,0
DA:88,3
DA:89,1
DA:90,1
DA:91,3
DA:92,3
DA:93,3
DA:94,3
DA:95,3
DA:96,3
DA:97,3
DA:98,2
DA:99,0
DA:100,3
DA:101,1
DA:102,1
DA:103,1
DA:104,1
DA:105,1
DA:106,1
DA:107,1
DA:108,3
DA:109,3
DA:110,3
DA:111,3
DA:112,3
DA:113,3
DA:114,3
DA:115,3
DA:116,3
DA:117,3
DA:118,2
DA:119,0
DA:120,3
DA:121,1
DA:122,1
DA:123,1
DA:124,1
DA:125,1
DA:126,1
DA:127,3
DA:128,3
DA:129,3
DA:130,3
DA:131,3
DA:132,3
DA:133,1
DA:134,1
DA:135,1
DA:136,1
DA:137,1
DA:138,1
DA:139,1
DA:140,1
DA:141,1
DA:142,1
DA:143,1
DA:144,1
DA:145,1
DA:146,1
DA:147,3
DA:148,3
DA:149,3
DA:150,3
DA:151,3
DA:152,3
DA:153,3
DA:154,3
DA:155,3
DA:156,2
DA:157,0
DA:158,3
DA:159,1
DA:160,1
DA:161,1
DA:162,1
DA:163,1
DA:164,1
DA:165,1
DA:166,3
DA:167,3
DA:168,3
DA:169,3
DA:170,3
DA:171,3
DA:172,3
DA:173,3
DA:174,3
DA:175,2
DA:176,0
DA:177,3
DA:178,1
DA:179,1
DA:180,0
DA:181,0
DA:182,0
DA:183,0
DA:184,0
DA:185,0
DA:186,0
DA:187,0
DA:188,0
DA:189,0
DA:190,0
DA:191,0
DA:192,1
DA:193,1
DA:194,0
DA:195,0
DA:196,0
DA:197,0
DA:198,0
DA:199,0
DA:200,0
DA:201,0
DA:202,0
DA:203,0
DA:204,0
DA:205,0
DA:206,1
DA:207,1
DA:208,1
DA:209,1
DA:210,3
DA:211,3
DA:212,3
DA:213,3
DA:214,3
DA:215,1
DA:216,1
DA:217,3
DA:218,3
DA:219,3
DA:220,3
DA:221,3
DA:222,3
DA:223,3
DA:224,3
DA:225,1
DA:226,1
DA:227,3
DA:228,3
DA:229,3
DA:230,3
DA:231,3
DA:232,3
DA:233,3
DA:234,3
DA:235,3
LF:235
LH:186
BRDA:6,0,0,30
BRDA:7,1,0,20
BRDA:7,2,0,10
BRDA:7,3,0,10
BRDA:38,4,0,12
BRDA:41,5,0,12
BRDA:44,6,0,12
BRDA:46,7,0,0
BRDA:53,8,0,0
BRDA:55,9,0,4
BRDA:74,10,0,3
BRDA:76,11,0,3
BRDA:77,12,0,2
BRDA:78,13,0,0
BRDA:79,14,0,0
BRDA:82,15,0,3
BRDA:84,16,0,3
BRDA:85,17,0,2
BRDA:86,18,0,0
BRDA:87,19,0,0
BRDA:90,20,0,3
BRDA:97,21,0,2
BRDA:98,22,0,0
BRDA:99,23,0,0
BRDA:107,24,0,3
BRDA:117,25,0,2
BRDA:118,26,0,0
BRDA:119,27,0,0
BRDA:126,28,0,3
BRDA:132,29,0,3
BRDA:146,30,0,3
BRDA:154,31,0,3
BRDA:155,32,0,2
BRDA:156,33,0,0
BRDA:157,34,0,0
BRDA:165,35,0,3
BRDA:173,36,0,3
BRDA:174,37,0,2
BRDA:175,38,0,0
BRDA:176,39,0,0
BRDA:209,40,0,3
BRDA:216,41,0,3
BRDA:226,42,0,3
BRDA:235,43,0,3
BRF:44
BRH:30
end_of_record
TN:
SF:src\utils\cookie.ts
FN:1,getCookie
FN:13,setCookie
FN:45,deleteCookie
FNF:3
FNH:3
FNDA:15,getCookie
FNDA:7,setCookie
FNDA:2,deleteCookie
DA:1,15
DA:2,15
DA:3,15
DA:4,15
DA:5,15
DA:6,15
DA:7,15
DA:8,15
DA:9,15
DA:10,15
DA:11,15
DA:12,1
DA:13,7
DA:14,7
DA:15,7
DA:16,7
DA:17,7
DA:18,7
DA:19,7
DA:20,7
DA:21,7
DA:22,7
DA:23,7
DA:24,7
DA:25,2
DA:26,2
DA:27,2
DA:28,2
DA:29,7
DA:30,7
DA:31,2
DA:32,2
DA:33,7
DA:34,7
DA:35,7
DA:36,9
DA:37,9
DA:38,9
DA:39,9
DA:40,9
DA:41,9
DA:42,7
DA:43,7
DA:44,1
DA:45,2
DA:46,2
DA:47,2
LF:47
LH:47
BRDA:1,0,0,15
BRDA:10,1,0,13
BRDA:10,2,0,2
BRDA:13,3,0,7
BRDA:16,4,0,5
BRDA:24,5,0,2
BRDA:24,6,0,2
BRDA:30,7,0,2
BRDA:30,8,0,2
BRDA:35,9,0,9
BRDA:45,10,0,2
BRF:11
BRH:11
end_of_record
